[debug] [2024-06-20T02:17:46.091Z] ----------------------------------------------------------------------
[debug] [2024-06-20T02:17:46.095Z] Command:       C:\Program Files\nodejs\node.exe C:\Users\Admin\AppData\Roaming\npm\node_modules\firebase-tools\lib\bin\firebase.js init
[debug] [2024-06-20T02:17:46.096Z] CLI Version:   13.11.2
[debug] [2024-06-20T02:17:46.096Z] Platform:      win32
[debug] [2024-06-20T02:17:46.096Z] Node Version:  v20.14.0
[debug] [2024-06-20T02:17:46.097Z] Time:          Thu Jun 20 2024 07:47:46 GMT+0530 (India Standard Time)
[debug] [2024-06-20T02:17:46.097Z] ----------------------------------------------------------------------
[debug] 
[debug] [2024-06-20T02:17:46.105Z] > command requires scopes: ["email","openid","https://www.googleapis.com/auth/cloudplatformprojects.readonly","https://www.googleapis.com/auth/firebase","https://www.googleapis.com/auth/cloud-platform"]
[debug] [2024-06-20T02:17:46.105Z] > authorizing via signed-in user (akhil.chandewar00@gmail.com)
[info] 
     ######## #### ########  ######## ########     ###     ######  ########
     ##        ##  ##     ## ##       ##     ##  ##   ##  ##       ##
     ######    ##  ########  ######   ########  #########  ######  ######
     ##        ##  ##    ##  ##       ##     ## ##     ##       ## ##
     ##       #### ##     ## ######## ########  ##     ##  ######  ########

You're about to initialize a Firebase project in this directory:

  E:\projects\FireFlow\terraform

[info] 
=== Project Setup
[info] 
[info] First, let's associate this project directory with a Firebase project.
[info] You can create multiple project aliases by running firebase use --add, 
[info] but for now we'll just set up a default project.
[info] 
[debug] [2024-06-20T02:18:07.266Z] >>> [apiv2][query] GET https://firebase.googleapis.com/v1beta1/projects pageSize=100
[debug] [2024-06-20T02:18:08.367Z] <<< [apiv2][status] GET https://firebase.googleapis.com/v1beta1/projects 200
[debug] [2024-06-20T02:18:08.367Z] <<< [apiv2][body] GET https://firebase.googleapis.com/v1beta1/projects [omitted]
[info] i  Using project fireform109-013 (fireform109) 
[info] 
=== Database Setup
[info] i  database: ensuring required API firebasedatabase.googleapis.com is enabled... 
[debug] [2024-06-20T02:18:09.153Z] >>> [apiv2][query] GET https://serviceusage.googleapis.com/v1/projects/fireform109-013/services/firebasedatabase.googleapis.com [none]
[debug] [2024-06-20T02:18:09.154Z] >>> [apiv2][(partial)header] GET https://serviceusage.googleapis.com/v1/projects/fireform109-013/services/firebasedatabase.googleapis.com x-goog-quota-user=projects/fireform109-013
[debug] [2024-06-20T02:18:11.089Z] <<< [apiv2][status] GET https://serviceusage.googleapis.com/v1/projects/fireform109-013/services/firebasedatabase.googleapis.com 200
[debug] [2024-06-20T02:18:11.089Z] <<< [apiv2][body] GET https://serviceusage.googleapis.com/v1/projects/fireform109-013/services/firebasedatabase.googleapis.com [omitted]
[warn] !  database: missing required API firebasedatabase.googleapis.com. Enabling now... 
[debug] [2024-06-20T02:18:11.090Z] >>> [apiv2][query] POST https://serviceusage.googleapis.com/v1/projects/fireform109-013/services/firebasedatabase.googleapis.com:enable [none]
[debug] [2024-06-20T02:18:11.090Z] >>> [apiv2][(partial)header] POST https://serviceusage.googleapis.com/v1/projects/fireform109-013/services/firebasedatabase.googleapis.com:enable x-goog-quota-user=projects/fireform109-013
[debug] [2024-06-20T02:18:11.729Z] <<< [apiv2][status] POST https://serviceusage.googleapis.com/v1/projects/fireform109-013/services/firebasedatabase.googleapis.com:enable 200
[debug] [2024-06-20T02:18:11.730Z] <<< [apiv2][body] POST https://serviceusage.googleapis.com/v1/projects/fireform109-013/services/firebasedatabase.googleapis.com:enable [omitted]
[debug] [2024-06-20T02:18:21.736Z] >>> [apiv2][query] GET https://serviceusage.googleapis.com/v1/projects/fireform109-013/services/firebasedatabase.googleapis.com [none]
[debug] [2024-06-20T02:18:21.736Z] >>> [apiv2][(partial)header] GET https://serviceusage.googleapis.com/v1/projects/fireform109-013/services/firebasedatabase.googleapis.com x-goog-quota-user=projects/fireform109-013
[debug] [2024-06-20T02:18:23.554Z] <<< [apiv2][status] GET https://serviceusage.googleapis.com/v1/projects/fireform109-013/services/firebasedatabase.googleapis.com 200
[debug] [2024-06-20T02:18:23.555Z] <<< [apiv2][body] GET https://serviceusage.googleapis.com/v1/projects/fireform109-013/services/firebasedatabase.googleapis.com [omitted]
[info] +  database: required API firebasedatabase.googleapis.com is enabled 
[info] 
[debug] [2024-06-20T02:18:23.560Z] >>> [apiv2][query] GET https://firebase.googleapis.com/v1beta1/projects/fireform109-013 [none]
[debug] [2024-06-20T02:18:24.275Z] <<< [apiv2][status] GET https://firebase.googleapis.com/v1beta1/projects/fireform109-013 200
[debug] [2024-06-20T02:18:24.275Z] <<< [apiv2][body] GET https://firebase.googleapis.com/v1beta1/projects/fireform109-013 {"projectId":"fireform109-013","projectNumber":"360169642472","displayName":"fireform109","name":"projects/fireform109-013","resources":{"hostingSite":"fireform109-013","storageBucket":"fireform109-013.appspot.com","locationId":"asia-south1"},"state":"ACTIVE","etag":"1_8bb20e6a-7233-4126-971d-2f92d282284d"}
[debug] [2024-06-20T02:18:31.575Z] >>> [apiv2][query] POST https://firebasedatabase.googleapis.com/v1beta/projects/fireform109-013/locations/asia-southeast1/instances databaseId=fireform109-013-default-rtdb&validateOnly=true
[debug] [2024-06-20T02:18:31.576Z] >>> [apiv2][body] POST https://firebasedatabase.googleapis.com/v1beta/projects/fireform109-013/locations/asia-southeast1/instances {"type":"default_database"}
[debug] [2024-06-20T02:18:33.594Z] <<< [apiv2][status] POST https://firebasedatabase.googleapis.com/v1beta/projects/fireform109-013/locations/asia-southeast1/instances 200
[debug] [2024-06-20T02:18:33.595Z] <<< [apiv2][body] POST https://firebasedatabase.googleapis.com/v1beta/projects/fireform109-013/locations/asia-southeast1/instances {"name":"projects/360169642472/locations/asia-southeast1/instances/fireform109-013-default-rtdb","project":"projects/360169642472","databaseUrl":"https://fireform109-013-default-rtdb.asia-southeast1.firebasedatabase.app","type":"DEFAULT_DATABASE","state":"ACTIVE"}
[debug] [2024-06-20T02:18:33.596Z] >>> [apiv2][query] POST https://firebasedatabase.googleapis.com/v1beta/projects/fireform109-013/locations/asia-southeast1/instances databaseId=fireform109-013-default-rtdb
[debug] [2024-06-20T02:18:33.596Z] >>> [apiv2][body] POST https://firebasedatabase.googleapis.com/v1beta/projects/fireform109-013/locations/asia-southeast1/instances {"type":"default_database"}
[debug] [2024-06-20T02:18:34.289Z] <<< [apiv2][status] POST https://firebasedatabase.googleapis.com/v1beta/projects/fireform109-013/locations/asia-southeast1/instances 200
[debug] [2024-06-20T02:18:34.289Z] <<< [apiv2][body] POST https://firebasedatabase.googleapis.com/v1beta/projects/fireform109-013/locations/asia-southeast1/instances {"name":"projects/360169642472/locations/asia-southeast1/instances/fireform109-013-default-rtdb","project":"projects/360169642472","databaseUrl":"https://fireform109-013-default-rtdb.asia-southeast1.firebasedatabase.app","type":"DEFAULT_DATABASE","state":"ACTIVE"}
[info] 
[info] Firebase Realtime Database Security Rules allow you to define how your data should be
[info] structured and when your data can be read from and written to.
[info] 
[debug] [2024-06-20T02:18:46.641Z] >>> [apiv2][query] GET https://fireform109-013-default-rtdb.asia-southeast1.firebasedatabase.app/.settings/rules.json [none]
[debug] [2024-06-20T02:18:48.427Z] <<< [apiv2][status] GET https://fireform109-013-default-rtdb.asia-southeast1.firebasedatabase.app/.settings/rules.json 200
[debug] [2024-06-20T02:18:48.427Z] <<< [apiv2][body] GET https://fireform109-013-default-rtdb.asia-southeast1.firebasedatabase.app/.settings/rules.json [stream]
[debug] [2024-06-20T02:18:48.649Z] Error: ENOENT: no such file or directory, open 'E:\projects\FireFlow\terraform\	'
    at Object.writeFileSync (node:fs:2346:20)
    at Object.createFileSync (C:\Users\Admin\AppData\Roaming\npm\node_modules\firebase-tools\node_modules\fs-extra\lib\ensure\file.js:63:6)
    at Config.writeProjectFile (C:\Users\Admin\AppData\Roaming\npm\node_modules\firebase-tools\lib\config.js:154:12)
    at writeDBRules (C:\Users\Admin\AppData\Roaming\npm\node_modules\firebase-tools\lib\init\features\database.js:34:12)
    at doSetup (C:\Users\Admin\AppData\Roaming\npm\node_modules\firebase-tools\lib\init\features\database.js:124:13)
    at process.processTicksAndRejections (node:internal/process/task_queues:95:5)
    at async init (C:\Users\Admin\AppData\Roaming\npm\node_modules\firebase-tools\lib\init\index.js:39:9)
[error] 
[error] Error: An unexpected error has occurred.
